<?xml version="1.0" encoding="UTF-8"?>
<testsuite xmlns:xsi="http://www.w3.org/2001/XMLSchema-instance" xsi:noNamespaceSchemaLocation="https://maven.apache.org/surefire/maven-surefire-plugin/xsd/surefire-test-report.xsd" version="3.0.2" name="com.example.docker.DockerapplicationApplicationTests" time="4.99" tests="1" errors="0" skipped="0" failures="0">
  <properties>
[...]
</properties>
  <testcase name="contextLoads" classname="com.example.docker.DockerapplicationApplicationTests" time="1.09">
    <system-out><![CDATA[12:49:25.550 [main] INFO org.springframework.test.context.support.AnnotationConfigContextLoaderUtils -- Could not detect default configuration classes for test class [com.example.docker.DockerapplicationApplicationTests]: DockerapplicationApplicationTests does not declare any static, non-private, non-final, nested classes annotated with @Configuration.
12:49:25.772 [main] INFO org.springframework.boot.test.context.SpringBootTestContextBootstrapper -- Found @SpringBootConfiguration com.example.docker.DockerapplicationApplication for test class com.example.docker.DockerapplicationApplicationTests

  .   ____          _            __ _ _
 /\\ / ___'_ __ _ _(_)_ __  __ _ \ \ \ \
( ( )\___ | '_ | '_| | '_ \/ _` | \ \ \ \
 \\/  ___)| |_)| | | | | || (_| |  ) ) ) )
  '  |____| .__|_| |_|_| |_\__, | / / / /
 =========|_|==============|___/=/_/_/_/

 :: Spring Boot ::                (v3.5.7)

2025-11-08T12:49:26.780+05:30  INFO 31560 --- [dockerapplication] [           main] c.e.d.DockerapplicationApplicationTests  : Starting DockerapplicationApplicationTests using Java 17.0.3 with PID 31560 (started by prave in C:\shashi\eclipseworkspace05112025\docker)
2025-11-08T12:49:26.783+05:30  INFO 31560 --- [dockerapplication] [           main] c.e.d.DockerapplicationApplicationTests  : No active profile set, falling back to 1 default profile: "default"
2025-11-08T12:49:29.178+05:30  INFO 31560 --- [dockerapplication] [           main] c.e.d.DockerapplicationApplicationTests  : Started DockerapplicationApplicationTests in 3.095 seconds (process running for 4.794)
]]></system-out>
  </testcase>
</testsuite>